<html>
<head>
<title>TestNG:  Alternate Cube Report13</title>
<link href="../testng.css" rel="stylesheet" type="text/css" />
<link href="../my-testng.css" rel="stylesheet" type="text/css" />

<style type="text/css">
.log { display: none;} 
.stack-trace { display: none;} 
</style>
<script type="text/javascript">
<!--
function flip(e) {
  current = e.style.display;
  if (current == 'block') {
    e.style.display = 'none';
    return 0;
  }
  else {
    e.style.display = 'block';
    return 1;
  }
}

function toggleBox(szDivId, elem, msg1, msg2)
{
  var res = -1;  if (document.getElementById) {
    res = flip(document.getElementById(szDivId));
  }
  else if (document.all) {
    // this is the way old msie versions work
    res = flip(document.all[szDivId]);
  }
  if(elem) {
    if(res == 0) elem.innerHTML = msg1; else elem.innerHTML = msg2;
  }

}

function toggleAllBoxes() {
  if (document.getElementsByTagName) {
    d = document.getElementsByTagName('div');
    for (i = 0; i < d.length; i++) {
      if (d[i].className == 'log') {
        flip(d[i]);
      }
    }
  }
}

// -->
</script>

</head>
<body>
<h2 align='center'>Alternate Cube Report13</h2><table border='1' align="center">
<tr>
<td>Tests passed/Failed/Skipped:</td><td>0/0/2</td>
</tr><tr>
<td>Started on:</td><td>Wed Jan 11 18:23:31 IST 2017</td>
</tr>
<tr><td>Total time:</td><td>18 seconds (18768 ms)</td>
</tr><tr>
<td>Included groups:</td><td></td>
</tr><tr>
<td>Excluded groups:</td><td></td>
</tr>
</table><p/>
<small><i>(Hover the method name to see the test class name)</i></small><p/>
<table width='100%' border='1' class='invocation-skipped'>
<tr><td colspan='4' align='center'><b>SKIPPED TESTS</b></td></tr>
<tr><td><b>Test method</b></td>
<td width="30%"><b>Exception</b></td>
<td width="10%"><b>Time (seconds)</b></td>
<td><b>Instance</b></td>
</tr>
<tr>
<td title='com.eqtechnologic.framework.TestSuite.suiteExecution()'><b>suiteExecution</b><br>Test class: com.eqtechnologic.framework.TestSuite<br>Parameters: Resources\ReportAutomation_bugs_by_assignee.xls, Testd</td>
<td><div><pre>com.eqtechnologic.exceptions.ExcelConnectionException: Some IOException occurred while trying to read the excel sheet: LOGIN in directory: .\Templates\Keywords.xls. Please make sure that the test suite/test cases are present at the right path
	at com.eqtechnologic.util.ExcelProcessor.&lt;init&gt;(ExcelProcessor.java:70)
	at com.eqtechnologic.framework.TestSuite.suiteExecution(TestSuite.java:193)
	at com.eqtechnologic.framework.Interpreter.processKeywordAtRowNum(Interpreter.java:156)
	at com.eqtechnologic.framework.Interpreter.iterateRows(Interpreter.java:108)
	at com.eqtechnologic.framework.TestSuite.suiteExecution(TestSuite.java:152)
	at sun.reflect.NativeMethodAccessorImpl.invoke0(Native Method)
	at sun.reflect.NativeMethodAccessorImpl.invoke(NativeMethodAccessorImpl.java:57)
	at sun.reflect.DelegatingMethodAccessorImpl.invoke(DelegatingMethodAccessorImpl.java:43)
	at java.lang.reflect.Method.invoke(Method.java:606)
	at org.testng.internal.MethodInvocationHelper.invokeMethod(MethodInvocationHelper.java:84)
	at org.testng.internal.Invoker.invokeMethod(Invoker.java:714)
	at org.testng.internal.Invoker.invokeTestMethod(Invoker.java:901)
	at org.testng.internal.TestMethodWithDataProviderMethodWorker.call(TestMethodWithDataProviderMethodWorker.java:73)
	at org.testng.internal.TestMethodWithDataProviderMethodWorker.call(TestMethodWithDataProviderMethodWorker.java:14)
	at java.util.concurrent.FutureTask.run(FutureTask.java:262)
	at java.util.concurrent.Executors$RunnableAdapter.call(Executors.java:471)
	at java.util.concurrent.FutureTask.run(FutureTask.java:262)
	at java.util.concurrent.ThreadPoolExecutor.runWorker(ThreadPoolExecutor.java:1145)
	at java.util.concurrent.ThreadPoolExecutor$Worker.run(ThreadPoolExecutor.java:615)
	at java.lang.Thread.run(Thread.java:744)
Caused by: java.io.FileNotFoundException: .\Templates\Keywords.xls (The system cannot find the path specified)
	at java.io.FileInputStream.open(Native Method)
	at java.io.FileInputStream.&lt;init&gt;(FileInputStream.java:146)
	at com.eqtechnologic.util.ExcelProcessor.&lt;init&gt;(ExcelProcessor.java:64)
	... 19 more
</pre></div><a href='#' onClick='toggleBox("stack-trace589049833", this, "Click to show all stack frames", "Click to hide stack frames")'>Click to show all stack frames</a>
<div class='stack-trace' id='stack-trace589049833'><pre>com.eqtechnologic.exceptions.ExcelConnectionException: Some IOException occurred while trying to read the excel sheet: LOGIN in directory: .\Templates\Keywords.xls. Please make sure that the test suite/test cases are present at the right path
	at com.eqtechnologic.util.ExcelProcessor.&lt;init&gt;(ExcelProcessor.java:70)
	at com.eqtechnologic.framework.TestSuite.suiteExecution(TestSuite.java:193)
	at com.eqtechnologic.framework.Interpreter.processKeywordAtRowNum(Interpreter.java:156)
	at com.eqtechnologic.framework.Interpreter.iterateRows(Interpreter.java:108)
	at com.eqtechnologic.framework.TestSuite.suiteExecution(TestSuite.java:152)
	at sun.reflect.NativeMethodAccessorImpl.invoke0(Native Method)
	at sun.reflect.NativeMethodAccessorImpl.invoke(NativeMethodAccessorImpl.java:57)
	at sun.reflect.DelegatingMethodAccessorImpl.invoke(DelegatingMethodAccessorImpl.java:43)
	at java.lang.reflect.Method.invoke(Method.java:606)
	at org.testng.internal.MethodInvocationHelper.invokeMethod(MethodInvocationHelper.java:84)
	at org.testng.internal.Invoker.invokeMethod(Invoker.java:714)
	at org.testng.internal.Invoker.invokeTestMethod(Invoker.java:901)
	at org.testng.internal.TestMethodWithDataProviderMethodWorker.call(TestMethodWithDataProviderMethodWorker.java:73)
	at org.testng.internal.TestMethodWithDataProviderMethodWorker.call(TestMethodWithDataProviderMethodWorker.java:14)
	at java.util.concurrent.FutureTask.run(FutureTask.java:262)
	at java.util.concurrent.Executors$RunnableAdapter.call(Executors.java:471)
	at java.util.concurrent.FutureTask.run(FutureTask.java:262)
	at java.util.concurrent.ThreadPoolExecutor.runWorker(ThreadPoolExecutor.java:1145)
	at java.util.concurrent.ThreadPoolExecutor$Worker.run(ThreadPoolExecutor.java:615)
	at java.lang.Thread.run(Thread.java:744)
Caused by: java.io.FileNotFoundException: .\Templates\Keywords.xls (The system cannot find the path specified)
	at java.io.FileInputStream.open(Native Method)
	at java.io.FileInputStream.&lt;init&gt;(FileInputStream.java:146)
	at com.eqtechnologic.util.ExcelProcessor.&lt;init&gt;(ExcelProcessor.java:64)
	... 19 more
</pre></div></td>
<td>9</td>
<td>com.eqtechnologic.framework.TestSuite@ff7ced8</td></tr>
<tr>
<td title='com.eqtechnologic.framework.TestSuite.suiteExecution()'><b>suiteExecution</b><br>Test class: com.eqtechnologic.framework.TestSuite<br>Parameters: Resources\ReportAutomation_bugs_by_assignee.xls, Teste</td>
<td><div><pre>com.eqtechnologic.exceptions.ExcelConnectionException: Some IOException occurred while trying to read the excel sheet: LOGIN in directory: .\Templates\Keywords.xls. Please make sure that the test suite/test cases are present at the right path
	at com.eqtechnologic.util.ExcelProcessor.&lt;init&gt;(ExcelProcessor.java:70)
	at com.eqtechnologic.framework.TestSuite.suiteExecution(TestSuite.java:193)
	at com.eqtechnologic.framework.Interpreter.processKeywordAtRowNum(Interpreter.java:156)
	at com.eqtechnologic.framework.Interpreter.iterateRows(Interpreter.java:108)
	at com.eqtechnologic.framework.TestSuite.suiteExecution(TestSuite.java:152)
	at sun.reflect.NativeMethodAccessorImpl.invoke0(Native Method)
	at sun.reflect.NativeMethodAccessorImpl.invoke(NativeMethodAccessorImpl.java:57)
	at sun.reflect.DelegatingMethodAccessorImpl.invoke(DelegatingMethodAccessorImpl.java:43)
	at java.lang.reflect.Method.invoke(Method.java:606)
	at org.testng.internal.MethodInvocationHelper.invokeMethod(MethodInvocationHelper.java:84)
	at org.testng.internal.Invoker.invokeMethod(Invoker.java:714)
	at org.testng.internal.Invoker.invokeTestMethod(Invoker.java:901)
	at org.testng.internal.TestMethodWithDataProviderMethodWorker.call(TestMethodWithDataProviderMethodWorker.java:73)
	at org.testng.internal.TestMethodWithDataProviderMethodWorker.call(TestMethodWithDataProviderMethodWorker.java:14)
	at java.util.concurrent.FutureTask.run(FutureTask.java:262)
	at java.util.concurrent.Executors$RunnableAdapter.call(Executors.java:471)
	at java.util.concurrent.FutureTask.run(FutureTask.java:262)
	at java.util.concurrent.ThreadPoolExecutor.runWorker(ThreadPoolExecutor.java:1145)
	at java.util.concurrent.ThreadPoolExecutor$Worker.run(ThreadPoolExecutor.java:615)
	at java.lang.Thread.run(Thread.java:744)
Caused by: java.io.FileNotFoundException: .\Templates\Keywords.xls (The system cannot find the path specified)
	at java.io.FileInputStream.open(Native Method)
	at java.io.FileInputStream.&lt;init&gt;(FileInputStream.java:146)
	at com.eqtechnologic.util.ExcelProcessor.&lt;init&gt;(ExcelProcessor.java:64)
	... 19 more
</pre></div><a href='#' onClick='toggleBox("stack-trace2103185639", this, "Click to show all stack frames", "Click to hide stack frames")'>Click to show all stack frames</a>
<div class='stack-trace' id='stack-trace2103185639'><pre>com.eqtechnologic.exceptions.ExcelConnectionException: Some IOException occurred while trying to read the excel sheet: LOGIN in directory: .\Templates\Keywords.xls. Please make sure that the test suite/test cases are present at the right path
	at com.eqtechnologic.util.ExcelProcessor.&lt;init&gt;(ExcelProcessor.java:70)
	at com.eqtechnologic.framework.TestSuite.suiteExecution(TestSuite.java:193)
	at com.eqtechnologic.framework.Interpreter.processKeywordAtRowNum(Interpreter.java:156)
	at com.eqtechnologic.framework.Interpreter.iterateRows(Interpreter.java:108)
	at com.eqtechnologic.framework.TestSuite.suiteExecution(TestSuite.java:152)
	at sun.reflect.NativeMethodAccessorImpl.invoke0(Native Method)
	at sun.reflect.NativeMethodAccessorImpl.invoke(NativeMethodAccessorImpl.java:57)
	at sun.reflect.DelegatingMethodAccessorImpl.invoke(DelegatingMethodAccessorImpl.java:43)
	at java.lang.reflect.Method.invoke(Method.java:606)
	at org.testng.internal.MethodInvocationHelper.invokeMethod(MethodInvocationHelper.java:84)
	at org.testng.internal.Invoker.invokeMethod(Invoker.java:714)
	at org.testng.internal.Invoker.invokeTestMethod(Invoker.java:901)
	at org.testng.internal.TestMethodWithDataProviderMethodWorker.call(TestMethodWithDataProviderMethodWorker.java:73)
	at org.testng.internal.TestMethodWithDataProviderMethodWorker.call(TestMethodWithDataProviderMethodWorker.java:14)
	at java.util.concurrent.FutureTask.run(FutureTask.java:262)
	at java.util.concurrent.Executors$RunnableAdapter.call(Executors.java:471)
	at java.util.concurrent.FutureTask.run(FutureTask.java:262)
	at java.util.concurrent.ThreadPoolExecutor.runWorker(ThreadPoolExecutor.java:1145)
	at java.util.concurrent.ThreadPoolExecutor$Worker.run(ThreadPoolExecutor.java:615)
	at java.lang.Thread.run(Thread.java:744)
Caused by: java.io.FileNotFoundException: .\Templates\Keywords.xls (The system cannot find the path specified)
	at java.io.FileInputStream.open(Native Method)
	at java.io.FileInputStream.&lt;init&gt;(FileInputStream.java:146)
	at com.eqtechnologic.util.ExcelProcessor.&lt;init&gt;(ExcelProcessor.java:64)
	... 19 more
</pre></div></td>
<td>9</td>
<td>com.eqtechnologic.framework.TestSuite@ff7ced8</td></tr>
</table><p>
</body>
</html>