<?xml version="1.0" encoding="UTF-8"?>
<!-- Generated by org.testng.reporters.JUnitXMLReporter -->
<testsuite hostname="soni" name="Test2" tests="10" failures="0" timestamp="20 May 2016 12:12:03 GMT" time="1397.748" errors="0">
  <testcase name="suiteExecution" time="243.277" classname="com.eqtechnologic.framework.TestSuite"/>
  <testcase name="suiteExecution" time="156.661" classname="com.eqtechnologic.framework.TestSuite"/>
  <testcase name="suiteExecution" time="153.478" classname="com.eqtechnologic.framework.TestSuite"/>
  <testcase name="suiteExecution" time="75.704" classname="com.eqtechnologic.framework.TestSuite"/>
  <testcase name="suiteExecution" time="76.142" classname="com.eqtechnologic.framework.TestSuite"/>
  <testcase name="suiteExecution" time="66.713" classname="com.eqtechnologic.framework.TestSuite"/>
  <testcase name="suiteExecution" time="93.779" classname="com.eqtechnologic.framework.TestSuite"/>
  <testcase name="suiteExecution" time="66.618" classname="com.eqtechnologic.framework.TestSuite"/>
  <testcase name="suiteExecution" time="117.382" classname="com.eqtechnologic.framework.TestSuite"/>
  <testcase name="suiteExecution" time="347.935" classname="com.eqtechnologic.framework.TestSuite"/>
</testsuite> <!-- Test2 -->
