<?xml version="1.0" encoding="UTF-8"?>
<testng-results skipped="0" failed="0" total="1" passed="1">
  <reporter-output>
  </reporter-output>
  <suite name="End To End Automation Reports" duration-ms="25182" started-at="2017-12-25T14:05:37Z" finished-at="2017-12-25T14:06:02Z">
    <groups>
    </groups>
    <test name="Alternate Cube Report16" duration-ms="25182" started-at="2017-12-25T14:05:37Z" finished-at="2017-12-25T14:06:02Z">
      <class name="com.eqtechnologic.framework.TestSuite">
        <test-method status="PASS" signature="setSuiteDetails(java.lang.String, java.lang.String, java.lang.String, java.lang.String, java.lang.String, java.lang.String, java.lang.String, java.lang.String, java.lang.String, java.lang.String, java.lang.String)[pri:0, instance:com.eqtechnologic.framework.TestSuite@7b4712c3]" name="setSuiteDetails" is-config="true" duration-ms="49" started-at="2017-12-25T19:35:37Z" finished-at="2017-12-25T19:35:37Z">
          <params>
            <param index="0">
              <value>
                <![CDATA[Resources\ReportAutomationTestSuit.xls]]>
              </value>
            </param>
            <param index="1">
              <value>
                <![CDATA[Test5]]>
              </value>
            </param>
            <param index="2">
              <value>
                <![CDATA[chrome]]>
              </value>
            </param>
            <param index="3">
              <value>
                <![CDATA[http://soni.technologic.com:8080/app1]]>
              </value>
            </param>
            <param index="4">
              <value>
                <![CDATA[http://bim05:4444/wd/hub]]>
              </value>
            </param>
            <param index="5">
              <value>
                <![CDATA[local]]>
              </value>
            </param>
            <param index="6">
              <value>
                <![CDATA[false]]>
              </value>
            </param>
            <param index="7">
              <value>
                <![CDATA[cf1]]>
              </value>
            </param>
            <param index="8">
              <value>
                <![CDATA[1]]>
              </value>
            </param>
            <param index="9">
              <value>
                <![CDATA[NA]]>
              </value>
            </param>
            <param index="10">
              <value>
                <![CDATA[NA]]>
              </value>
            </param>
          </params>
          <reporter-output>
          </reporter-output>
        </test-method> <!-- setSuiteDetails -->
        <test-method status="PASS" signature="suiteExecution(java.lang.String, java.lang.String, java.lang.String, java.lang.String)[pri:0, instance:com.eqtechnologic.framework.TestSuite@7b4712c3]" name="suiteExecution" duration-ms="24762" started-at="2017-12-25T19:35:37Z" data-provider="testsuite" finished-at="2017-12-25T19:36:02Z">
          <params>
            <param index="0">
              <value>
                <![CDATA[Resources\ReportAutomation_bugs_by_assignee.xls]]>
              </value>
            </param>
            <param index="1">
              <value>
                <![CDATA[Testb]]>
              </value>
            </param>
            <param index="2">
              <value>
                <![CDATA[Temp]]>
              </value>
            </param>
            <param index="3">
              <value>
                <![CDATA[Temp]]>
              </value>
            </param>
          </params>
          <reporter-output>
          </reporter-output>
        </test-method> <!-- suiteExecution -->
        <test-method status="PASS" signature="endTestCase(org.testng.ITestResult)[pri:0, instance:com.eqtechnologic.framework.TestSuite@7b4712c3]" name="endTestCase" is-config="true" duration-ms="26" started-at="2017-12-25T19:36:02Z" finished-at="2017-12-25T19:36:02Z">
          <params>
            <param index="0">
              <value>
                <![CDATA[[TestResult name=suiteExecution status=SUCCESS method=TestSuite.suiteExecution(java.lang.String, java.lang.String, java.lang.String, java.lang.String)[pri:0, instance:com.eqtechnologic.framework.TestSuite@7b4712c3] output={null}]]]>
              </value>
            </param>
          </params>
          <reporter-output>
          </reporter-output>
        </test-method> <!-- endTestCase -->
      </class> <!-- com.eqtechnologic.framework.TestSuite -->
    </test> <!-- Alternate Cube Report16 -->
  </suite> <!-- End To End Automation Reports -->
</testng-results>
